Performing C SOURCE FILE Test CMAKE_HAVE_LIBC_PTHREAD failed with the following output:
Change Dir: /home/rmpl-plus/khi_control/build/CMakeFiles/CMakeTmp

Run Build Command(s):/usr/bin/make cmTC_773c3/fast && /usr/bin/make -f CMakeFiles/cmTC_773c3.dir/build.make CMakeFiles/cmTC_773c3.dir/build
make[1]: Entering directory '/home/rmpl-plus/khi_control/build/CMakeFiles/CMakeTmp'
Building C object CMakeFiles/cmTC_773c3.dir/src.c.o
/usr/bin/cc   -DCMAKE_HAVE_LIBC_PTHREAD   -o CMakeFiles/cmTC_773c3.dir/src.c.o   -c /home/rmpl-plus/khi_control/build/CMakeFiles/CMakeTmp/src.c
Linking C executable cmTC_773c3
/usr/bin/cmake -E cmake_link_script CMakeFiles/cmTC_773c3.dir/link.txt --verbose=1
/usr/bin/cc  -DCMAKE_HAVE_LIBC_PTHREAD    -rdynamic CMakeFiles/cmTC_773c3.dir/src.c.o  -o cmTC_773c3 
/usr/bin/ld: CMakeFiles/cmTC_773c3.dir/src.c.o: in function `main':
src.c:(.text+0x46): undefined reference to `pthread_create'
/usr/bin/ld: src.c:(.text+0x52): undefined reference to `pthread_detach'
/usr/bin/ld: src.c:(.text+0x63): undefined reference to `pthread_join'
collect2: error: ld returned 1 exit status
make[1]: *** [CMakeFiles/cmTC_773c3.dir/build.make:87: cmTC_773c3] Error 1
make[1]: Leaving directory '/home/rmpl-plus/khi_control/build/CMakeFiles/CMakeTmp'
make: *** [Makefile:121: cmTC_773c3/fast] Error 2


Source file was:
#include <pthread.h>

void* test_func(void* data)
{
  return data;
}

int main(void)
{
  pthread_t thread;
  pthread_create(&thread, NULL, test_func, NULL);
  pthread_detach(thread);
  pthread_join(thread, NULL);
  pthread_atfork(NULL, NULL, NULL);
  pthread_exit(NULL);

  return 0;
}

Determining if the function pthread_create exists in the pthreads failed with the following output:
Change Dir: /home/rmpl-plus/khi_control/build/CMakeFiles/CMakeTmp

Run Build Command(s):/usr/bin/make cmTC_2ab50/fast && /usr/bin/make -f CMakeFiles/cmTC_2ab50.dir/build.make CMakeFiles/cmTC_2ab50.dir/build
make[1]: Entering directory '/home/rmpl-plus/khi_control/build/CMakeFiles/CMakeTmp'
Building C object CMakeFiles/cmTC_2ab50.dir/CheckFunctionExists.c.o
/usr/bin/cc   -DCHECK_FUNCTION_EXISTS=pthread_create   -o CMakeFiles/cmTC_2ab50.dir/CheckFunctionExists.c.o   -c /usr/share/cmake-3.16/Modules/CheckFunctionExists.c
Linking C executable cmTC_2ab50
/usr/bin/cmake -E cmake_link_script CMakeFiles/cmTC_2ab50.dir/link.txt --verbose=1
/usr/bin/cc  -DCHECK_FUNCTION_EXISTS=pthread_create    -rdynamic CMakeFiles/cmTC_2ab50.dir/CheckFunctionExists.c.o  -o cmTC_2ab50  -lpthreads 
/usr/bin/ld: cannot find -lpthreads
collect2: error: ld returned 1 exit status
make[1]: *** [CMakeFiles/cmTC_2ab50.dir/build.make:87: cmTC_2ab50] Error 1
make[1]: Leaving directory '/home/rmpl-plus/khi_control/build/CMakeFiles/CMakeTmp'
make: *** [Makefile:121: cmTC_2ab50/fast] Error 2



Determining if the function sgemm_ exists failed with the following output:
Change Dir: /home/rmpl-plus/khi_control/build/CMakeFiles/CMakeTmp

Run Build Command(s):/usr/bin/make cmTC_2e81f/fast && /usr/bin/make -f CMakeFiles/cmTC_2e81f.dir/build.make CMakeFiles/cmTC_2e81f.dir/build
make[1]: Entering directory '/home/rmpl-plus/khi_control/build/CMakeFiles/CMakeTmp'
Building C object CMakeFiles/cmTC_2e81f.dir/CheckFunctionExists.c.o
/usr/bin/cc   -DCHECK_FUNCTION_EXISTS=sgemm_   -o CMakeFiles/cmTC_2e81f.dir/CheckFunctionExists.c.o   -c /usr/share/cmake-3.16/Modules/CheckFunctionExists.c
Linking C executable cmTC_2e81f
/usr/bin/cmake -E cmake_link_script CMakeFiles/cmTC_2e81f.dir/link.txt --verbose=1
/usr/bin/cc  -DCHECK_FUNCTION_EXISTS=sgemm_    -rdynamic CMakeFiles/cmTC_2e81f.dir/CheckFunctionExists.c.o  -o cmTC_2e81f 
/usr/bin/ld: CMakeFiles/cmTC_2e81f.dir/CheckFunctionExists.c.o: in function `main':
CheckFunctionExists.c:(.text+0x14): undefined reference to `sgemm_'
collect2: error: ld returned 1 exit status
make[1]: *** [CMakeFiles/cmTC_2e81f.dir/build.make:87: cmTC_2e81f] Error 1
make[1]: Leaving directory '/home/rmpl-plus/khi_control/build/CMakeFiles/CMakeTmp'
make: *** [Makefile:121: cmTC_2e81f/fast] Error 2



Determining if the function cheev_ exists failed with the following output:
Change Dir: /home/rmpl-plus/khi_control/build/CMakeFiles/CMakeTmp

Run Build Command(s):/usr/bin/make cmTC_a1de2/fast && /usr/bin/make -f CMakeFiles/cmTC_a1de2.dir/build.make CMakeFiles/cmTC_a1de2.dir/build
make[1]: Entering directory '/home/rmpl-plus/khi_control/build/CMakeFiles/CMakeTmp'
Building C object CMakeFiles/cmTC_a1de2.dir/CheckFunctionExists.c.o
/usr/bin/cc   -DCHECK_FUNCTION_EXISTS=cheev_   -o CMakeFiles/cmTC_a1de2.dir/CheckFunctionExists.c.o   -c /usr/share/cmake-3.16/Modules/CheckFunctionExists.c
Linking C executable cmTC_a1de2
/usr/bin/cmake -E cmake_link_script CMakeFiles/cmTC_a1de2.dir/link.txt --verbose=1
/usr/bin/cc  -DCHECK_FUNCTION_EXISTS=cheev_    -rdynamic CMakeFiles/cmTC_a1de2.dir/CheckFunctionExists.c.o  -o cmTC_a1de2  /usr/lib/x86_64-linux-gnu/libblas.so 
/usr/bin/ld: CMakeFiles/cmTC_a1de2.dir/CheckFunctionExists.c.o: in function `main':
CheckFunctionExists.c:(.text+0x14): undefined reference to `cheev_'
collect2: error: ld returned 1 exit status
make[1]: *** [CMakeFiles/cmTC_a1de2.dir/build.make:88: cmTC_a1de2] Error 1
make[1]: Leaving directory '/home/rmpl-plus/khi_control/build/CMakeFiles/CMakeTmp'
make: *** [Makefile:121: cmTC_a1de2/fast] Error 2



